# JRE version: OpenJDK Runtime Environment (23.0.1+11) (build 23.0.1+11-39)
# Java VM: OpenJDK 64-Bit Server VM (23.0.1+11-39, mixed mode, emulated-client, sharing, tiered, compressed oops, compressed class ptrs, g1 gc, windows-amd64)
GC Precious Log:
 CardTable entry size: 512
 Card Set container configuration: InlinePtr #cards 4 size 8 Array Of Cards #cards 16 size 48 Howl #buckets 8 coarsen threshold 3686 Howl Bitmap #cards 512 size 80 coarsen threshold 460 Card regions per heap region 1 cards per card region 4096
 CPUs: 8 total, 8 available
 Memory: 15989M
 Large Page Support: Disabled
 NUMA Support: Disabled
 Compressed Oops: Enabled (Zero based)
 Heap Region Size: 2M
 Heap Min Capacity: 8M
 Heap Initial Capacity: 250M
 Heap Max Capacity: 3998M
 Pre-touch: Disabled
 Parallel Workers: 8
 Concurrent Workers: 2
 Concurrent Refinement Workers: 8
 Periodic GC: Disabled
Heap:
 garbage-first heap   total reserved 4093952K, committed 477184K, used 235554K [0x0000000706200000, 0x0000000800000000)
  region size 2048K, 16 young (32768K), 8 survivors (16384K)
 Metaspace       used 77611K, committed 78720K, reserved 1179648K
  class space    used 11246K, committed 11648K, reserved 1048576K
GC Heap History (20 events):
Event: 95.034 GC heap before
{Heap before GC invocations=51 (full 0):
 garbage-first heap   total reserved 4093952K, committed 477184K, used 369734K [0x0000000706200000, 0x0000000800000000)
  region size 2048K, 61 young (124928K), 6 survivors (12288K)
 Metaspace       used 77861K, committed 78592K, reserved 1179648K
  class space    used 11318K, committed 11648K, reserved 1048576K
}
Event: 95.058 GC heap after
{Heap after GC invocations=52 (full 0):
 garbage-first heap   total reserved 4093952K, committed 477184K, used 279785K [0x0000000706200000, 0x0000000800000000)
  region size 2048K, 8 young (16384K), 8 survivors (16384K)
 Metaspace       used 77861K, committed 78592K, reserved 1179648K
  class space    used 11318K, committed 11648K, reserved 1048576K
}
Event: 102.970 GC heap before
{Heap before GC invocations=52 (full 0):
 garbage-first heap   total reserved 4093952K, committed 477184K, used 382185K [0x0000000706200000, 0x0000000800000000)
  region size 2048K, 59 young (120832K), 8 survivors (16384K)
 Metaspace       used 77861K, committed 78592K, reserved 1179648K
  class space    used 11318K, committed 11648K, reserved 1048576K
}
Event: 103.019 GC heap after
{Heap after GC invocations=53 (full 0):
 garbage-first heap   total reserved 4093952K, committed 477184K, used 243712K [0x0000000706200000, 0x0000000800000000)
  region size 2048K, 8 young (16384K), 8 survivors (16384K)
 Metaspace       used 77861K, committed 78592K, reserved 1179648K
  class space    used 11318K, committed 11648K, reserved 1048576K
}
Event: 111.881 GC heap before
{Heap before GC invocations=53 (full 0):
 garbage-first heap   total reserved 4093952K, committed 477184K, used 374784K [0x0000000706200000, 0x0000000800000000)
  region size 2048K, 71 young (145408K), 8 survivors (16384K)
 Metaspace       used 77861K, committed 78592K, reserved 1179648K
  class space    used 11318K, committed 11648K, reserved 1048576K
}
Event: 111.928 GC heap after
{Heap after GC invocations=54 (full 0):
 garbage-first heap   total reserved 4093952K, committed 477184K, used 267429K [0x0000000706200000, 0x0000000800000000)
  region size 2048K, 9 young (18432K), 9 survivors (18432K)
 Metaspace       used 77861K, committed 78592K, reserved 1179648K
  class space    used 11318K, committed 11648K, reserved 1048576K
}
Event: 120.330 GC heap before
{Heap before GC invocations=54 (full 0):
 garbage-first heap   total reserved 4093952K, committed 477184K, used 384165K [0x0000000706200000, 0x0000000800000000)
  region size 2048K, 67 young (137216K), 9 survivors (18432K)
 Metaspace       used 77869K, committed 78656K, reserved 1179648K
  class space    used 11320K, committed 11648K, reserved 1048576K
}
Event: 120.355 GC heap after
{Heap after GC invocations=55 (full 0):
 garbage-first heap   total reserved 4093952K, committed 477184K, used 283648K [0x0000000706200000, 0x0000000800000000)
  region size 2048K, 9 young (18432K), 9 survivors (18432K)
 Metaspace       used 77869K, committed 78656K, reserved 1179648K
  class space    used 11320K, committed 11648K, reserved 1048576K
}
Event: 128.278 GC heap before
{Heap before GC invocations=56 (full 0):
 garbage-first heap   total reserved 4093952K, committed 477184K, used 357376K [0x0000000706200000, 0x0000000800000000)
  region size 2048K, 65 young (133120K), 9 survivors (18432K)
 Metaspace       used 77875K, committed 78656K, reserved 1179648K
  class space    used 11322K, committed 11648K, reserved 1048576K
}
Event: 128.299 GC heap after
{Heap after GC invocations=57 (full 0):
 garbage-first heap   total reserved 4093952K, committed 477184K, used 248129K [0x0000000706200000, 0x0000000800000000)
  region size 2048K, 9 young (18432K), 9 survivors (18432K)
 Metaspace       used 77875K, committed 78656K, reserved 1179648K
  class space    used 11322K, committed 11648K, reserved 1048576K
}
Event: 153.488 GC heap before
{Heap before GC invocations=57 (full 0):
 garbage-first heap   total reserved 4093952K, committed 477184K, used 383297K [0x0000000706200000, 0x0000000800000000)
  region size 2048K, 76 young (155648K), 9 survivors (18432K)
 Metaspace       used 77877K, committed 78656K, reserved 1179648K
  class space    used 11322K, committed 11648K, reserved 1048576K
}
Event: 153.515 GC heap after
{Heap after GC invocations=58 (full 0):
 garbage-first heap   total reserved 4093952K, committed 477184K, used 212992K [0x0000000706200000, 0x0000000800000000)
  region size 2048K, 10 young (20480K), 10 survivors (20480K)
 Metaspace       used 77877K, committed 78656K, reserved 1179648K
  class space    used 11322K, committed 11648K, reserved 1048576K
}
Event: 160.825 GC heap before
{Heap before GC invocations=58 (full 0):
 garbage-first heap   total reserved 4093952K, committed 477184K, used 237568K [0x0000000706200000, 0x0000000800000000)
  region size 2048K, 23 young (47104K), 10 survivors (20480K)
 Metaspace       used 77877K, committed 78656K, reserved 1179648K
  class space    used 11322K, committed 11648K, reserved 1048576K
}
Event: 160.851 GC heap after
{Heap after GC invocations=59 (full 0):
 garbage-first heap   total reserved 4093952K, committed 477184K, used 226207K [0x0000000706200000, 0x0000000800000000)
  region size 2048K, 10 young (20480K), 10 survivors (20480K)
 Metaspace       used 77877K, committed 78656K, reserved 1179648K
  class space    used 11322K, committed 11648K, reserved 1048576K
}
Event: 257.761 GC heap before
{Heap before GC invocations=60 (full 0):
 garbage-first heap   total reserved 4093952K, committed 477184K, used 328607K [0x0000000706200000, 0x0000000800000000)
  region size 2048K, 76 young (155648K), 10 survivors (20480K)
 Metaspace       used 77881K, committed 78720K, reserved 1179648K
  class space    used 11323K, committed 11648K, reserved 1048576K
}
Event: 257.792 GC heap after
{Heap after GC invocations=61 (full 0):
 garbage-first heap   total reserved 4093952K, committed 477184K, used 219751K [0x0000000706200000, 0x0000000800000000)
  region size 2048K, 10 young (20480K), 10 survivors (20480K)
 Metaspace       used 77881K, committed 78720K, reserved 1179648K
  class space    used 11323K, committed 11648K, reserved 1048576K
}
Event: 269.351 GC heap before
{Heap before GC invocations=61 (full 0):
 garbage-first heap   total reserved 4093952K, committed 477184K, used 359015K [0x0000000706200000, 0x0000000800000000)
  region size 2048K, 79 young (161792K), 10 survivors (20480K)
 Metaspace       used 77881K, committed 78720K, reserved 1179648K
  class space    used 11323K, committed 11648K, reserved 1048576K
}
Event: 269.388 GC heap after
{Heap after GC invocations=62 (full 0):
 garbage-first heap   total reserved 4093952K, committed 477184K, used 218406K [0x0000000706200000, 0x0000000800000000)
  region size 2048K, 10 young (20480K), 10 survivors (20480K)
 Metaspace       used 77881K, committed 78720K, reserved 1179648K
  class space    used 11323K, committed 11648K, reserved 1048576K
}
Event: 271.386 GC heap before
{Heap before GC invocations=62 (full 0):
 garbage-first heap   total reserved 4093952K, committed 477184K, used 253222K [0x0000000706200000, 0x0000000800000000)
  region size 2048K, 29 young (59392K), 10 survivors (20480K)
 Metaspace       used 77881K, committed 78720K, reserved 1179648K
  class space    used 11323K, committed 11648K, reserved 1048576K
}
Event: 271.410 GC heap after
{Heap after GC invocations=63 (full 0):
 garbage-first heap   total reserved 4093952K, committed 477184K, used 233506K [0x0000000706200000, 0x0000000800000000)
  region size 2048K, 8 young (16384K), 8 survivors (16384K)
 Metaspace       used 77881K, committed 78720K, reserved 1179648K
  class space    used 11323K, committed 11648K, reserved 1048576K
}

